<?xml version="1.0" encoding="UTF-8"?>
<!-- Generated by org.testng.reporters.JUnitReportReporter -->
<testsuite hostname="Nithin" failures="11" tests="22" name="com.runners.TestRunners" time="9.252" errors="0" timestamp="2025-08-12T16:27:04 IST" skipped="0">
  <testcase classname="com.runners.TestRunners" name="runScenario" time="0.319">
    <failure message="1 expectation failed.
Expected status code &lt;200&gt; but was &lt;204&gt;.
" type="java.lang.AssertionError">
      <![CDATA[java.lang.AssertionError: 1 expectation failed.
Expected status code <200> but was <204>.

at java.base/jdk.internal.reflect.DirectConstructorHandleAccessor.newInstance(DirectConstructorHandleAccessor.java:62)
at java.base/java.lang.reflect.Constructor.newInstanceWithCaller(Constructor.java:502)
at java.base/java.lang.reflect.Constructor.newInstance(Constructor.java:486)
at org.codehaus.groovy.reflection.CachedConstructor.invoke(CachedConstructor.java:72)
at org.codehaus.groovy.runtime.callsite.ConstructorSite$ConstructorSiteNoUnwrapNoCoerce.callConstructor(ConstructorSite.java:105)
at org.codehaus.groovy.runtime.callsite.AbstractCallSite.callConstructor(AbstractCallSite.java:277)
at io.restassured.internal.ResponseSpecificationImpl$HamcrestAssertionClosure.validate(ResponseSpecificationImpl.groovy:499)
at io.restassured.internal.ResponseSpecificationImpl$HamcrestAssertionClosure$validate$1.call(Unknown Source)
at io.restassured.internal.ResponseSpecificationImpl.validateResponseIfRequired(ResponseSpecificationImpl.groovy:684)
at java.base/jdk.internal.reflect.DirectMethodHandleAccessor.invoke(DirectMethodHandleAccessor.java:103)
at java.base/java.lang.reflect.Method.invoke(Method.java:580)
at org.codehaus.groovy.runtime.callsite.PlainObjectMetaMethodSite.doInvoke(PlainObjectMetaMethodSite.java:43)
at org.codehaus.groovy.runtime.callsite.PogoMetaMethodSite$PogoCachedMethodSiteNoUnwrapNoCoerce.invoke(PogoMetaMethodSite.java:193)
at org.codehaus.groovy.runtime.callsite.PogoMetaMethodSite.callCurrent(PogoMetaMethodSite.java:61)
at org.codehaus.groovy.runtime.callsite.AbstractCallSite.callCurrent(AbstractCallSite.java:185)
at io.restassured.internal.ResponseSpecificationImpl.statusCode(ResponseSpecificationImpl.groovy:127)
at io.restassured.specification.ResponseSpecification$statusCode$0.callCurrent(Unknown Source)
at io.restassured.internal.ResponseSpecificationImpl.statusCode(ResponseSpecificationImpl.groovy:135)
at io.restassured.internal.ValidatableResponseOptionsImpl.statusCode(ValidatableResponseOptionsImpl.java:89)
at io.restassured.internal.ValidatableResponseImpl.super$2$statusCode(ValidatableResponseImpl.groovy)
at java.base/jdk.internal.reflect.DirectMethodHandleAccessor.invoke(DirectMethodHandleAccessor.java:103)
at java.base/java.lang.reflect.Method.invoke(Method.java:580)
at org.codehaus.groovy.reflection.CachedMethod.invoke(CachedMethod.java:107)
at groovy.lang.MetaMethod.doMethodInvoke(MetaMethod.java:323)
at groovy.lang.MetaClassImpl.invokeMethod(MetaClassImpl.java:1268)
at org.codehaus.groovy.runtime.ScriptBytecodeAdapter.invokeMethodOnSuperN(ScriptBytecodeAdapter.java:144)
at io.restassured.internal.ValidatableResponseImpl.statusCode(ValidatableResponseImpl.groovy:142)
at io.restassured.internal.ValidatableResponseImpl.statusCode(ValidatableResponseImpl.groovy)
at com.steps.PassengersSteps.response_status_should_be(PassengersSteps.java:74)
at ✽.the response status should be "200"(file:///C:/Users/nithi/git/Flight_Booking_System_API-testing/Flight_Booking_API/src/test/resources/features/passenger.feature:34)
]]>
    </failure>
  </testcase> <!-- runScenario -->
  <testcase classname="com.runners.TestRunners" name="runScenario" time="0.307">
    <failure message="1 expectation failed.
Expected status code &lt;200&gt; but was &lt;204&gt;.
" type="java.lang.AssertionError">
      <![CDATA[java.lang.AssertionError: 1 expectation failed.
Expected status code <200> but was <204>.

at java.base/jdk.internal.reflect.DirectConstructorHandleAccessor.newInstance(DirectConstructorHandleAccessor.java:62)
at java.base/java.lang.reflect.Constructor.newInstanceWithCaller(Constructor.java:502)
at java.base/java.lang.reflect.Constructor.newInstance(Constructor.java:486)
at org.codehaus.groovy.reflection.CachedConstructor.invoke(CachedConstructor.java:72)
at org.codehaus.groovy.runtime.callsite.ConstructorSite$ConstructorSiteNoUnwrapNoCoerce.callConstructor(ConstructorSite.java:105)
at org.codehaus.groovy.runtime.callsite.AbstractCallSite.callConstructor(AbstractCallSite.java:277)
at io.restassured.internal.ResponseSpecificationImpl$HamcrestAssertionClosure.validate(ResponseSpecificationImpl.groovy:499)
at io.restassured.internal.ResponseSpecificationImpl$HamcrestAssertionClosure$validate$1.call(Unknown Source)
at io.restassured.internal.ResponseSpecificationImpl.validateResponseIfRequired(ResponseSpecificationImpl.groovy:684)
at java.base/jdk.internal.reflect.DirectMethodHandleAccessor.invoke(DirectMethodHandleAccessor.java:103)
at java.base/java.lang.reflect.Method.invoke(Method.java:580)
at org.codehaus.groovy.runtime.callsite.PlainObjectMetaMethodSite.doInvoke(PlainObjectMetaMethodSite.java:43)
at org.codehaus.groovy.runtime.callsite.PogoMetaMethodSite$PogoCachedMethodSiteNoUnwrapNoCoerce.invoke(PogoMetaMethodSite.java:193)
at org.codehaus.groovy.runtime.callsite.PogoMetaMethodSite.callCurrent(PogoMetaMethodSite.java:61)
at org.codehaus.groovy.runtime.callsite.AbstractCallSite.callCurrent(AbstractCallSite.java:185)
at io.restassured.internal.ResponseSpecificationImpl.statusCode(ResponseSpecificationImpl.groovy:127)
at io.restassured.specification.ResponseSpecification$statusCode$0.callCurrent(Unknown Source)
at io.restassured.internal.ResponseSpecificationImpl.statusCode(ResponseSpecificationImpl.groovy:135)
at io.restassured.internal.ValidatableResponseOptionsImpl.statusCode(ValidatableResponseOptionsImpl.java:89)
at io.restassured.internal.ValidatableResponseImpl.super$2$statusCode(ValidatableResponseImpl.groovy)
at java.base/jdk.internal.reflect.DirectMethodHandleAccessor.invoke(DirectMethodHandleAccessor.java:103)
at java.base/java.lang.reflect.Method.invoke(Method.java:580)
at org.codehaus.groovy.reflection.CachedMethod.invoke(CachedMethod.java:107)
at groovy.lang.MetaMethod.doMethodInvoke(MetaMethod.java:323)
at groovy.lang.MetaClassImpl.invokeMethod(MetaClassImpl.java:1268)
at org.codehaus.groovy.runtime.ScriptBytecodeAdapter.invokeMethodOnSuperN(ScriptBytecodeAdapter.java:144)
at io.restassured.internal.ValidatableResponseImpl.statusCode(ValidatableResponseImpl.groovy:142)
at io.restassured.internal.ValidatableResponseImpl.statusCode(ValidatableResponseImpl.groovy)
at com.steps.PassengersSteps.response_status_should_be(PassengersSteps.java:74)
at ✽.the response status should be "200"(file:///C:/Users/nithi/git/Flight_Booking_System_API-testing/Flight_Booking_API/src/test/resources/features/passenger.feature:48)
]]>
    </failure>
  </testcase> <!-- runScenario -->
  <testcase classname="com.runners.TestRunners" name="runScenario" time="0.339"/>
  <testcase classname="com.runners.TestRunners" name="runScenario" time="0.308"/>
  <testcase classname="com.runners.TestRunners" name="runScenario" time="0.329">
    <failure message="
Expected: a collection containing &lt;9&gt;
     but: mismatches were: [was &lt;1&gt;, was &lt;2&gt;]" type="java.lang.AssertionError">
      <![CDATA[java.lang.AssertionError: 
Expected: a collection containing <9>
     but: mismatches were: [was <1>, was <2>]
at org.hamcrest.MatcherAssert.assertThat(MatcherAssert.java:20)
at org.hamcrest.MatcherAssert.assertThat(MatcherAssert.java:8)
at com.steps.PassengersSteps.list_should_contain_id(PassengersSteps.java:103)
at ✽.the list should contain passenger id "9"(file:///C:/Users/nithi/git/Flight_Booking_System_API-testing/Flight_Booking_API/src/test/resources/features/passenger.feature:20)
]]>
    </failure>
  </testcase> <!-- runScenario -->
  <testcase classname="com.runners.TestRunners" name="runScenario" time="0.300"/>
  <testcase classname="com.runners.TestRunners" name="runScenario" time="2.624">
    <failure message="1 expectation failed.
Expected status code &lt;200&gt; but was &lt;415&gt;.
" type="java.lang.AssertionError">
      <![CDATA[java.lang.AssertionError: 1 expectation failed.
Expected status code <200> but was <415>.

at java.base/jdk.internal.reflect.DirectConstructorHandleAccessor.newInstance(DirectConstructorHandleAccessor.java:62)
at java.base/java.lang.reflect.Constructor.newInstanceWithCaller(Constructor.java:502)
at java.base/java.lang.reflect.Constructor.newInstance(Constructor.java:486)
at org.codehaus.groovy.reflection.CachedConstructor.invoke(CachedConstructor.java:72)
at org.codehaus.groovy.runtime.callsite.ConstructorSite$ConstructorSiteNoUnwrapNoCoerce.callConstructor(ConstructorSite.java:105)
at org.codehaus.groovy.runtime.callsite.CallSiteArray.defaultCallConstructor(CallSiteArray.java:59)
at org.codehaus.groovy.runtime.callsite.AbstractCallSite.callConstructor(AbstractCallSite.java:263)
at org.codehaus.groovy.runtime.callsite.AbstractCallSite.callConstructor(AbstractCallSite.java:277)
at io.restassured.internal.ResponseSpecificationImpl$HamcrestAssertionClosure.validate(ResponseSpecificationImpl.groovy:499)
at io.restassured.internal.ResponseSpecificationImpl$HamcrestAssertionClosure$validate$1.call(Unknown Source)
at io.restassured.internal.ResponseSpecificationImpl.validateResponseIfRequired(ResponseSpecificationImpl.groovy:684)
at java.base/jdk.internal.reflect.DirectMethodHandleAccessor.invoke(DirectMethodHandleAccessor.java:103)
at java.base/java.lang.reflect.Method.invoke(Method.java:580)
at org.codehaus.groovy.runtime.callsite.PlainObjectMetaMethodSite.doInvoke(PlainObjectMetaMethodSite.java:43)
at org.codehaus.groovy.runtime.callsite.PogoMetaMethodSite$PogoCachedMethodSiteNoUnwrapNoCoerce.invoke(PogoMetaMethodSite.java:193)
at org.codehaus.groovy.runtime.callsite.PogoMetaMethodSite.callCurrent(PogoMetaMethodSite.java:61)
at org.codehaus.groovy.runtime.callsite.AbstractCallSite.callCurrent(AbstractCallSite.java:185)
at io.restassured.internal.ResponseSpecificationImpl.statusCode(ResponseSpecificationImpl.groovy:127)
at io.restassured.specification.ResponseSpecification$statusCode$0.callCurrent(Unknown Source)
at io.restassured.internal.ResponseSpecificationImpl.statusCode(ResponseSpecificationImpl.groovy:135)
at io.restassured.internal.ValidatableResponseOptionsImpl.statusCode(ValidatableResponseOptionsImpl.java:89)
at io.restassured.internal.ValidatableResponseImpl.super$2$statusCode(ValidatableResponseImpl.groovy)
at java.base/jdk.internal.reflect.DirectMethodHandleAccessor.invoke(DirectMethodHandleAccessor.java:103)
at java.base/java.lang.reflect.Method.invoke(Method.java:580)
at org.codehaus.groovy.reflection.CachedMethod.invoke(CachedMethod.java:107)
at groovy.lang.MetaMethod.doMethodInvoke(MetaMethod.java:323)
at groovy.lang.MetaClassImpl.invokeMethod(MetaClassImpl.java:1268)
at org.codehaus.groovy.runtime.ScriptBytecodeAdapter.invokeMethodOnSuperN(ScriptBytecodeAdapter.java:144)
at io.restassured.internal.ValidatableResponseImpl.statusCode(ValidatableResponseImpl.groovy:142)
at io.restassured.internal.ValidatableResponseImpl.statusCode(ValidatableResponseImpl.groovy)
at com.steps.PassengersSteps.response_status_should_be(PassengersSteps.java:74)
at ✽.the response status should be "200"(file:///C:/Users/nithi/git/Flight_Booking_System_API-testing/Flight_Booking_API/src/test/resources/features/passenger.feature:8)
]]>
    </failure>
  </testcase> <!-- runScenario -->
  <testcase classname="com.runners.TestRunners" name="runScenario" time="0.306">
    <failure message="1 expectation failed.
Expected status code &lt;404&gt; but was &lt;204&gt;.
" type="java.lang.AssertionError">
      <![CDATA[java.lang.AssertionError: 1 expectation failed.
Expected status code <404> but was <204>.

at java.base/jdk.internal.reflect.DirectConstructorHandleAccessor.newInstance(DirectConstructorHandleAccessor.java:62)
at java.base/java.lang.reflect.Constructor.newInstanceWithCaller(Constructor.java:502)
at java.base/java.lang.reflect.Constructor.newInstance(Constructor.java:486)
at org.codehaus.groovy.reflection.CachedConstructor.invoke(CachedConstructor.java:72)
at org.codehaus.groovy.runtime.callsite.ConstructorSite$ConstructorSiteNoUnwrapNoCoerce.callConstructor(ConstructorSite.java:105)
at org.codehaus.groovy.runtime.callsite.AbstractCallSite.callConstructor(AbstractCallSite.java:277)
at io.restassured.internal.ResponseSpecificationImpl$HamcrestAssertionClosure.validate(ResponseSpecificationImpl.groovy:499)
at io.restassured.internal.ResponseSpecificationImpl$HamcrestAssertionClosure$validate$1.call(Unknown Source)
at io.restassured.internal.ResponseSpecificationImpl.validateResponseIfRequired(ResponseSpecificationImpl.groovy:684)
at java.base/jdk.internal.reflect.DirectMethodHandleAccessor.invoke(DirectMethodHandleAccessor.java:103)
at java.base/java.lang.reflect.Method.invoke(Method.java:580)
at org.codehaus.groovy.runtime.callsite.PlainObjectMetaMethodSite.doInvoke(PlainObjectMetaMethodSite.java:43)
at org.codehaus.groovy.runtime.callsite.PogoMetaMethodSite$PogoCachedMethodSiteNoUnwrapNoCoerce.invoke(PogoMetaMethodSite.java:193)
at org.codehaus.groovy.runtime.callsite.PogoMetaMethodSite.callCurrent(PogoMetaMethodSite.java:61)
at org.codehaus.groovy.runtime.callsite.AbstractCallSite.callCurrent(AbstractCallSite.java:185)
at io.restassured.internal.ResponseSpecificationImpl.statusCode(ResponseSpecificationImpl.groovy:127)
at io.restassured.specification.ResponseSpecification$statusCode$0.callCurrent(Unknown Source)
at io.restassured.internal.ResponseSpecificationImpl.statusCode(ResponseSpecificationImpl.groovy:135)
at io.restassured.internal.ValidatableResponseOptionsImpl.statusCode(ValidatableResponseOptionsImpl.java:89)
at io.restassured.internal.ValidatableResponseImpl.super$2$statusCode(ValidatableResponseImpl.groovy)
at java.base/jdk.internal.reflect.DirectMethodHandleAccessor.invoke(DirectMethodHandleAccessor.java:103)
at java.base/java.lang.reflect.Method.invoke(Method.java:580)
at org.codehaus.groovy.reflection.CachedMethod.invoke(CachedMethod.java:107)
at groovy.lang.MetaMethod.doMethodInvoke(MetaMethod.java:323)
at groovy.lang.MetaClassImpl.invokeMethod(MetaClassImpl.java:1268)
at org.codehaus.groovy.runtime.ScriptBytecodeAdapter.invokeMethodOnSuperN(ScriptBytecodeAdapter.java:144)
at io.restassured.internal.ValidatableResponseImpl.statusCode(ValidatableResponseImpl.groovy:142)
at io.restassured.internal.ValidatableResponseImpl.statusCode(ValidatableResponseImpl.groovy)
at com.steps.PassengersSteps.response_status_should_be(PassengersSteps.java:74)
at ✽.the response status should be "404"(file:///C:/Users/nithi/git/Flight_Booking_System_API-testing/Flight_Booking_API/src/test/resources/features/passenger.feature:34)
]]>
    </failure>
  </testcase> <!-- runScenario -->
  <testcase classname="com.runners.TestRunners" name="runScenario" time="0.315">
    <failure message="1 expectation failed.
Expected status code &lt;200&gt; but was &lt;204&gt;.
" type="java.lang.AssertionError">
      <![CDATA[java.lang.AssertionError: 1 expectation failed.
Expected status code <200> but was <204>.

at java.base/jdk.internal.reflect.DirectConstructorHandleAccessor.newInstance(DirectConstructorHandleAccessor.java:62)
at java.base/java.lang.reflect.Constructor.newInstanceWithCaller(Constructor.java:502)
at java.base/java.lang.reflect.Constructor.newInstance(Constructor.java:486)
at org.codehaus.groovy.reflection.CachedConstructor.invoke(CachedConstructor.java:72)
at org.codehaus.groovy.runtime.callsite.ConstructorSite$ConstructorSiteNoUnwrapNoCoerce.callConstructor(ConstructorSite.java:105)
at org.codehaus.groovy.runtime.callsite.AbstractCallSite.callConstructor(AbstractCallSite.java:277)
at io.restassured.internal.ResponseSpecificationImpl$HamcrestAssertionClosure.validate(ResponseSpecificationImpl.groovy:499)
at io.restassured.internal.ResponseSpecificationImpl$HamcrestAssertionClosure$validate$1.call(Unknown Source)
at io.restassured.internal.ResponseSpecificationImpl.validateResponseIfRequired(ResponseSpecificationImpl.groovy:684)
at java.base/jdk.internal.reflect.DirectMethodHandleAccessor.invoke(DirectMethodHandleAccessor.java:103)
at java.base/java.lang.reflect.Method.invoke(Method.java:580)
at org.codehaus.groovy.runtime.callsite.PlainObjectMetaMethodSite.doInvoke(PlainObjectMetaMethodSite.java:43)
at org.codehaus.groovy.runtime.callsite.PogoMetaMethodSite$PogoCachedMethodSiteNoUnwrapNoCoerce.invoke(PogoMetaMethodSite.java:193)
at org.codehaus.groovy.runtime.callsite.PogoMetaMethodSite.callCurrent(PogoMetaMethodSite.java:61)
at org.codehaus.groovy.runtime.callsite.AbstractCallSite.callCurrent(AbstractCallSite.java:185)
at io.restassured.internal.ResponseSpecificationImpl.statusCode(ResponseSpecificationImpl.groovy:127)
at io.restassured.specification.ResponseSpecification$statusCode$0.callCurrent(Unknown Source)
at io.restassured.internal.ResponseSpecificationImpl.statusCode(ResponseSpecificationImpl.groovy:135)
at io.restassured.internal.ValidatableResponseOptionsImpl.statusCode(ValidatableResponseOptionsImpl.java:89)
at io.restassured.internal.ValidatableResponseImpl.super$2$statusCode(ValidatableResponseImpl.groovy)
at java.base/jdk.internal.reflect.DirectMethodHandleAccessor.invoke(DirectMethodHandleAccessor.java:103)
at java.base/java.lang.reflect.Method.invoke(Method.java:580)
at org.codehaus.groovy.reflection.CachedMethod.invoke(CachedMethod.java:107)
at groovy.lang.MetaMethod.doMethodInvoke(MetaMethod.java:323)
at groovy.lang.MetaClassImpl.invokeMethod(MetaClassImpl.java:1268)
at org.codehaus.groovy.runtime.ScriptBytecodeAdapter.invokeMethodOnSuperN(ScriptBytecodeAdapter.java:144)
at io.restassured.internal.ValidatableResponseImpl.statusCode(ValidatableResponseImpl.groovy:142)
at io.restassured.internal.ValidatableResponseImpl.statusCode(ValidatableResponseImpl.groovy)
at com.steps.PassengersSteps.response_status_should_be(PassengersSteps.java:74)
at ✽.the response status should be "200"(file:///C:/Users/nithi/git/Flight_Booking_System_API-testing/Flight_Booking_API/src/test/resources/features/passenger.feature:48)
]]>
    </failure>
  </testcase> <!-- runScenario -->
  <testcase classname="com.runners.TestRunners" name="runScenario" time="0.316"/>
  <testcase classname="com.runners.TestRunners" name="runScenario" time="0.319"/>
  <testcase classname="com.runners.TestRunners" name="runScenario" time="0.330">
    <failure message="1 expectation failed.
Expected status code &lt;200&gt; but was &lt;415&gt;.
" type="java.lang.AssertionError">
      <![CDATA[java.lang.AssertionError: 1 expectation failed.
Expected status code <200> but was <415>.

at java.base/jdk.internal.reflect.DirectConstructorHandleAccessor.newInstance(DirectConstructorHandleAccessor.java:62)
at java.base/java.lang.reflect.Constructor.newInstanceWithCaller(Constructor.java:502)
at java.base/java.lang.reflect.Constructor.newInstance(Constructor.java:486)
at org.codehaus.groovy.reflection.CachedConstructor.invoke(CachedConstructor.java:72)
at org.codehaus.groovy.runtime.callsite.ConstructorSite$ConstructorSiteNoUnwrapNoCoerce.callConstructor(ConstructorSite.java:105)
at org.codehaus.groovy.runtime.callsite.AbstractCallSite.callConstructor(AbstractCallSite.java:277)
at io.restassured.internal.ResponseSpecificationImpl$HamcrestAssertionClosure.validate(ResponseSpecificationImpl.groovy:499)
at io.restassured.internal.ResponseSpecificationImpl$HamcrestAssertionClosure$validate$1.call(Unknown Source)
at io.restassured.internal.ResponseSpecificationImpl.validateResponseIfRequired(ResponseSpecificationImpl.groovy:684)
at java.base/jdk.internal.reflect.DirectMethodHandleAccessor.invoke(DirectMethodHandleAccessor.java:103)
at java.base/java.lang.reflect.Method.invoke(Method.java:580)
at org.codehaus.groovy.runtime.callsite.PlainObjectMetaMethodSite.doInvoke(PlainObjectMetaMethodSite.java:43)
at org.codehaus.groovy.runtime.callsite.PogoMetaMethodSite$PogoCachedMethodSiteNoUnwrapNoCoerce.invoke(PogoMetaMethodSite.java:193)
at org.codehaus.groovy.runtime.callsite.PogoMetaMethodSite.callCurrent(PogoMetaMethodSite.java:61)
at org.codehaus.groovy.runtime.callsite.AbstractCallSite.callCurrent(AbstractCallSite.java:185)
at io.restassured.internal.ResponseSpecificationImpl.statusCode(ResponseSpecificationImpl.groovy:127)
at io.restassured.specification.ResponseSpecification$statusCode$0.callCurrent(Unknown Source)
at io.restassured.internal.ResponseSpecificationImpl.statusCode(ResponseSpecificationImpl.groovy:135)
at io.restassured.internal.ValidatableResponseOptionsImpl.statusCode(ValidatableResponseOptionsImpl.java:89)
at io.restassured.internal.ValidatableResponseImpl.super$2$statusCode(ValidatableResponseImpl.groovy)
at java.base/jdk.internal.reflect.DirectMethodHandleAccessor.invoke(DirectMethodHandleAccessor.java:103)
at java.base/java.lang.reflect.Method.invoke(Method.java:580)
at org.codehaus.groovy.reflection.CachedMethod.invoke(CachedMethod.java:107)
at groovy.lang.MetaMethod.doMethodInvoke(MetaMethod.java:323)
at groovy.lang.MetaClassImpl.invokeMethod(MetaClassImpl.java:1268)
at org.codehaus.groovy.runtime.ScriptBytecodeAdapter.invokeMethodOnSuperN(ScriptBytecodeAdapter.java:144)
at io.restassured.internal.ValidatableResponseImpl.statusCode(ValidatableResponseImpl.groovy:142)
at io.restassured.internal.ValidatableResponseImpl.statusCode(ValidatableResponseImpl.groovy)
at com.steps.PassengersSteps.response_status_should_be(PassengersSteps.java:74)
at ✽.the response status should be "200"(file:///C:/Users/nithi/git/Flight_Booking_System_API-testing/Flight_Booking_API/src/test/resources/features/passenger.feature:8)
]]>
    </failure>
  </testcase> <!-- runScenario -->
  <testcase classname="com.runners.TestRunners" name="runScenario" time="0.308">
    <failure message="1 expectation failed.
Expected status code &lt;404&gt; but was &lt;204&gt;.
" type="java.lang.AssertionError">
      <![CDATA[java.lang.AssertionError: 1 expectation failed.
Expected status code <404> but was <204>.

at java.base/jdk.internal.reflect.DirectConstructorHandleAccessor.newInstance(DirectConstructorHandleAccessor.java:62)
at java.base/java.lang.reflect.Constructor.newInstanceWithCaller(Constructor.java:502)
at java.base/java.lang.reflect.Constructor.newInstance(Constructor.java:486)
at org.codehaus.groovy.reflection.CachedConstructor.invoke(CachedConstructor.java:72)
at org.codehaus.groovy.runtime.callsite.ConstructorSite$ConstructorSiteNoUnwrapNoCoerce.callConstructor(ConstructorSite.java:105)
at org.codehaus.groovy.runtime.callsite.AbstractCallSite.callConstructor(AbstractCallSite.java:277)
at io.restassured.internal.ResponseSpecificationImpl$HamcrestAssertionClosure.validate(ResponseSpecificationImpl.groovy:499)
at io.restassured.internal.ResponseSpecificationImpl$HamcrestAssertionClosure$validate$1.call(Unknown Source)
at io.restassured.internal.ResponseSpecificationImpl.validateResponseIfRequired(ResponseSpecificationImpl.groovy:684)
at java.base/jdk.internal.reflect.DirectMethodHandleAccessor.invoke(DirectMethodHandleAccessor.java:103)
at java.base/java.lang.reflect.Method.invoke(Method.java:580)
at org.codehaus.groovy.runtime.callsite.PlainObjectMetaMethodSite.doInvoke(PlainObjectMetaMethodSite.java:43)
at org.codehaus.groovy.runtime.callsite.PogoMetaMethodSite$PogoCachedMethodSiteNoUnwrapNoCoerce.invoke(PogoMetaMethodSite.java:193)
at org.codehaus.groovy.runtime.callsite.PogoMetaMethodSite.callCurrent(PogoMetaMethodSite.java:61)
at org.codehaus.groovy.runtime.callsite.AbstractCallSite.callCurrent(AbstractCallSite.java:185)
at io.restassured.internal.ResponseSpecificationImpl.statusCode(ResponseSpecificationImpl.groovy:127)
at io.restassured.specification.ResponseSpecification$statusCode$0.callCurrent(Unknown Source)
at io.restassured.internal.ResponseSpecificationImpl.statusCode(ResponseSpecificationImpl.groovy:135)
at io.restassured.internal.ValidatableResponseOptionsImpl.statusCode(ValidatableResponseOptionsImpl.java:89)
at io.restassured.internal.ValidatableResponseImpl.super$2$statusCode(ValidatableResponseImpl.groovy)
at java.base/jdk.internal.reflect.DirectMethodHandleAccessor.invoke(DirectMethodHandleAccessor.java:103)
at java.base/java.lang.reflect.Method.invoke(Method.java:580)
at org.codehaus.groovy.reflection.CachedMethod.invoke(CachedMethod.java:107)
at groovy.lang.MetaMethod.doMethodInvoke(MetaMethod.java:323)
at groovy.lang.MetaClassImpl.invokeMethod(MetaClassImpl.java:1268)
at org.codehaus.groovy.runtime.ScriptBytecodeAdapter.invokeMethodOnSuperN(ScriptBytecodeAdapter.java:144)
at io.restassured.internal.ValidatableResponseImpl.statusCode(ValidatableResponseImpl.groovy:142)
at io.restassured.internal.ValidatableResponseImpl.statusCode(ValidatableResponseImpl.groovy)
at com.steps.PassengersSteps.response_status_should_be(PassengersSteps.java:74)
at ✽.the response status should be "404"(file:///C:/Users/nithi/git/Flight_Booking_System_API-testing/Flight_Booking_API/src/test/resources/features/passenger.feature:34)
]]>
    </failure>
  </testcase> <!-- runScenario -->
  <testcase classname="com.runners.TestRunners" name="runScenario" time="0.327">
    <failure message="
Expected: a collection containing &lt;10&gt;
     but: mismatches were: [was &lt;1&gt;, was &lt;2&gt;]" type="java.lang.AssertionError">
      <![CDATA[java.lang.AssertionError: 
Expected: a collection containing <10>
     but: mismatches were: [was <1>, was <2>]
at org.hamcrest.MatcherAssert.assertThat(MatcherAssert.java:20)
at org.hamcrest.MatcherAssert.assertThat(MatcherAssert.java:8)
at com.steps.PassengersSteps.list_should_contain_id(PassengersSteps.java:103)
at ✽.the list should contain passenger id "10"(file:///C:/Users/nithi/git/Flight_Booking_System_API-testing/Flight_Booking_API/src/test/resources/features/passenger.feature:20)
]]>
    </failure>
  </testcase> <!-- runScenario -->
  <testcase classname="com.runners.TestRunners" name="runScenario" time="0.308"/>
  <testcase classname="com.runners.TestRunners" name="runScenario" time="0.320">
    <failure message="1 expectation failed.
Expected status code &lt;200&gt; but was &lt;204&gt;.
" type="java.lang.AssertionError">
      <![CDATA[java.lang.AssertionError: 1 expectation failed.
Expected status code <200> but was <204>.

at java.base/jdk.internal.reflect.DirectConstructorHandleAccessor.newInstance(DirectConstructorHandleAccessor.java:62)
at java.base/java.lang.reflect.Constructor.newInstanceWithCaller(Constructor.java:502)
at java.base/java.lang.reflect.Constructor.newInstance(Constructor.java:486)
at org.codehaus.groovy.reflection.CachedConstructor.invoke(CachedConstructor.java:72)
at org.codehaus.groovy.runtime.callsite.ConstructorSite$ConstructorSiteNoUnwrapNoCoerce.callConstructor(ConstructorSite.java:105)
at org.codehaus.groovy.runtime.callsite.AbstractCallSite.callConstructor(AbstractCallSite.java:277)
at io.restassured.internal.ResponseSpecificationImpl$HamcrestAssertionClosure.validate(ResponseSpecificationImpl.groovy:499)
at io.restassured.internal.ResponseSpecificationImpl$HamcrestAssertionClosure$validate$1.call(Unknown Source)
at io.restassured.internal.ResponseSpecificationImpl.validateResponseIfRequired(ResponseSpecificationImpl.groovy:684)
at java.base/jdk.internal.reflect.DirectMethodHandleAccessor.invoke(DirectMethodHandleAccessor.java:103)
at java.base/java.lang.reflect.Method.invoke(Method.java:580)
at org.codehaus.groovy.runtime.callsite.PlainObjectMetaMethodSite.doInvoke(PlainObjectMetaMethodSite.java:43)
at org.codehaus.groovy.runtime.callsite.PogoMetaMethodSite$PogoCachedMethodSiteNoUnwrapNoCoerce.invoke(PogoMetaMethodSite.java:193)
at org.codehaus.groovy.runtime.callsite.PogoMetaMethodSite.callCurrent(PogoMetaMethodSite.java:61)
at org.codehaus.groovy.runtime.callsite.AbstractCallSite.callCurrent(AbstractCallSite.java:185)
at io.restassured.internal.ResponseSpecificationImpl.statusCode(ResponseSpecificationImpl.groovy:127)
at io.restassured.specification.ResponseSpecification$statusCode$0.callCurrent(Unknown Source)
at io.restassured.internal.ResponseSpecificationImpl.statusCode(ResponseSpecificationImpl.groovy:135)
at io.restassured.internal.ValidatableResponseOptionsImpl.statusCode(ValidatableResponseOptionsImpl.java:89)
at io.restassured.internal.ValidatableResponseImpl.super$2$statusCode(ValidatableResponseImpl.groovy)
at java.base/jdk.internal.reflect.DirectMethodHandleAccessor.invoke(DirectMethodHandleAccessor.java:103)
at java.base/java.lang.reflect.Method.invoke(Method.java:580)
at org.codehaus.groovy.reflection.CachedMethod.invoke(CachedMethod.java:107)
at groovy.lang.MetaMethod.doMethodInvoke(MetaMethod.java:323)
at groovy.lang.MetaClassImpl.invokeMethod(MetaClassImpl.java:1268)
at org.codehaus.groovy.runtime.ScriptBytecodeAdapter.invokeMethodOnSuperN(ScriptBytecodeAdapter.java:144)
at io.restassured.internal.ValidatableResponseImpl.statusCode(ValidatableResponseImpl.groovy:142)
at io.restassured.internal.ValidatableResponseImpl.statusCode(ValidatableResponseImpl.groovy)
at com.steps.PassengersSteps.response_status_should_be(PassengersSteps.java:74)
at ✽.the response status should be "200"(file:///C:/Users/nithi/git/Flight_Booking_System_API-testing/Flight_Booking_API/src/test/resources/features/passenger.feature:34)
]]>
    </failure>
  </testcase> <!-- runScenario -->
  <testcase classname="com.runners.TestRunners" name="runScenario" time="0.309"/>
  <testcase classname="com.runners.TestRunners" name="runScenario" time="0.309">
    <failure message="1 expectation failed.
Expected status code &lt;200&gt; but was &lt;204&gt;.
" type="java.lang.AssertionError">
      <![CDATA[java.lang.AssertionError: 1 expectation failed.
Expected status code <200> but was <204>.

at java.base/jdk.internal.reflect.DirectConstructorHandleAccessor.newInstance(DirectConstructorHandleAccessor.java:62)
at java.base/java.lang.reflect.Constructor.newInstanceWithCaller(Constructor.java:502)
at java.base/java.lang.reflect.Constructor.newInstance(Constructor.java:486)
at org.codehaus.groovy.reflection.CachedConstructor.invoke(CachedConstructor.java:72)
at org.codehaus.groovy.runtime.callsite.ConstructorSite$ConstructorSiteNoUnwrapNoCoerce.callConstructor(ConstructorSite.java:105)
at org.codehaus.groovy.runtime.callsite.AbstractCallSite.callConstructor(AbstractCallSite.java:277)
at io.restassured.internal.ResponseSpecificationImpl$HamcrestAssertionClosure.validate(ResponseSpecificationImpl.groovy:499)
at io.restassured.internal.ResponseSpecificationImpl$HamcrestAssertionClosure$validate$1.call(Unknown Source)
at io.restassured.internal.ResponseSpecificationImpl.validateResponseIfRequired(ResponseSpecificationImpl.groovy:684)
at java.base/jdk.internal.reflect.DirectMethodHandleAccessor.invoke(DirectMethodHandleAccessor.java:103)
at java.base/java.lang.reflect.Method.invoke(Method.java:580)
at org.codehaus.groovy.runtime.callsite.PlainObjectMetaMethodSite.doInvoke(PlainObjectMetaMethodSite.java:43)
at org.codehaus.groovy.runtime.callsite.PogoMetaMethodSite$PogoCachedMethodSiteNoUnwrapNoCoerce.invoke(PogoMetaMethodSite.java:193)
at org.codehaus.groovy.runtime.callsite.PogoMetaMethodSite.callCurrent(PogoMetaMethodSite.java:61)
at org.codehaus.groovy.runtime.callsite.AbstractCallSite.callCurrent(AbstractCallSite.java:185)
at io.restassured.internal.ResponseSpecificationImpl.statusCode(ResponseSpecificationImpl.groovy:127)
at io.restassured.specification.ResponseSpecification$statusCode$0.callCurrent(Unknown Source)
at io.restassured.internal.ResponseSpecificationImpl.statusCode(ResponseSpecificationImpl.groovy:135)
at io.restassured.internal.ValidatableResponseOptionsImpl.statusCode(ValidatableResponseOptionsImpl.java:89)
at io.restassured.internal.ValidatableResponseImpl.super$2$statusCode(ValidatableResponseImpl.groovy)
at java.base/jdk.internal.reflect.DirectMethodHandleAccessor.invoke(DirectMethodHandleAccessor.java:103)
at java.base/java.lang.reflect.Method.invoke(Method.java:580)
at org.codehaus.groovy.reflection.CachedMethod.invoke(CachedMethod.java:107)
at groovy.lang.MetaMethod.doMethodInvoke(MetaMethod.java:323)
at groovy.lang.MetaClassImpl.invokeMethod(MetaClassImpl.java:1268)
at org.codehaus.groovy.runtime.ScriptBytecodeAdapter.invokeMethodOnSuperN(ScriptBytecodeAdapter.java:144)
at io.restassured.internal.ValidatableResponseImpl.statusCode(ValidatableResponseImpl.groovy:142)
at io.restassured.internal.ValidatableResponseImpl.statusCode(ValidatableResponseImpl.groovy)
at com.steps.PassengersSteps.response_status_should_be(PassengersSteps.java:74)
at ✽.the response status should be "200"(file:///C:/Users/nithi/git/Flight_Booking_System_API-testing/Flight_Booking_API/src/test/resources/features/passenger.feature:48)
]]>
    </failure>
  </testcase> <!-- runScenario -->
  <testcase classname="com.runners.TestRunners" name="runScenario" time="0.314"/>
  <testcase classname="com.runners.TestRunners" name="runScenario" time="0.340"/>
  <testcase classname="com.runners.TestRunners" name="runScenario" time="0.308"/>
  <testcase classname="com.runners.TestRunners" name="runScenario" time="0.297"/>
</testsuite> <!-- com.runners.TestRunners -->
